4 | interest | 6.726 | Wed Mar 26 22:26:56 2025
3 | interest | 0.775768 | Wed Mar 26 22:26:56 2025
0 | interest | 3.04885 | Wed Mar 26 22:26:56 2025
1 | interest | 0.10835 | Wed Mar 26 22:26:56 2025
2 | interest | 6.56315 | Wed Mar 26 22:26:56 2025
0 | interest | 3.05139 | Wed Mar 26 22:27:01 2025
1 | interest | 0.10844 | Wed Mar 26 22:27:01 2025
2 | interest | 6.57956 | Wed Mar 26 22:27:01 2025
3 | interest | 0.776414 | Wed Mar 26 22:27:01 2025
4 | interest | 6.74282 | Wed Mar 26 22:27:01 2025
5 | interest | 5.62908 | Wed Mar 26 22:27:01 2025
6 | interest | 1.43023 | Wed Mar 26 22:27:01 2025
7 | interest | 5.28062 | Wed Mar 26 22:27:01 2025
8 | interest | 11.6253 | Wed Mar 26 22:27:01 2025
9 | interest | 8.25737 | Wed Mar 26 22:27:01 2025
10 | interest | 7.27758 | Wed Mar 26 22:27:01 2025
11 | interest | 0.140018 | Wed Mar 26 22:27:01 2025
12 | interest | 18.941 | Wed Mar 26 22:27:01 2025
13 | interest | 3.84098 | Wed Mar 26 22:27:01 2025
14 | interest | 0.115298 | Wed Mar 26 22:27:01 2025
15 | interest | 11.1457 | Wed Mar 26 22:27:01 2025
16 | interest | 14.7573 | Wed Mar 26 22:27:01 2025
17 | interest | 7.31508 | Wed Mar 26 22:27:01 2025
18 | interest | 3.64428 | Wed Mar 26 22:27:01 2025
19 | interest | 12.238 | Wed Mar 26 22:27:01 2025
20 | interest | 4.37038 | Wed Mar 26 22:27:01 2025
21 | interest | 0.764883 | Wed Mar 26 22:27:01 2025
22 | interest | 0.355513 | Wed Mar 26 22:27:01 2025
23 | interest | 8.3931 | Wed Mar 26 22:27:01 2025
24 | interest | 0.67482 | Wed Mar 26 22:27:01 2025
25 | interest | 1.33328 | Wed Mar 26 22:27:01 2025
26 | interest | 0.479439 | Wed Mar 26 22:27:01 2025
27 | interest | 2.37851 | Wed Mar 26 22:27:01 2025
28 | interest | 3.16615 | Wed Mar 26 22:27:01 2025
29 | interest | 4.16495 | Wed Mar 26 22:27:01 2025
30 | interest | 3.15232 | Wed Mar 26 22:27:01 2025
31 | interest | 8.53113 | Wed Mar 26 22:27:01 2025
32 | interest | 9.59504 | Wed Mar 26 22:27:01 2025
33 | interest | 2.66949 | Wed Mar 26 22:27:01 2025
34 | interest | 8.57904 | Wed Mar 26 22:27:01 2025
35 | interest | 0.483124 | Wed Mar 26 22:27:01 2025
36 | interest | 6.89507 | Wed Mar 26 22:27:01 2025
37 | interest | 13.0596 | Wed Mar 26 22:27:01 2025
38 | interest | 3.04945 | Wed Mar 26 22:27:01 2025
39 | interest | 3.36125 | Wed Mar 26 22:27:01 2025
40 | interest | 4.66875 | Wed Mar 26 22:27:01 2025
41 | interest | 1.50242 | Wed Mar 26 22:27:01 2025
42 | interest | 10.517 | Wed Mar 26 22:27:01 2025
43 | interest | 4.916 | Wed Mar 26 22:27:01 2025
44 | interest | 6.88554 | Wed Mar 26 22:27:01 2025
45 | interest | 4.4525 | Wed Mar 26 22:27:01 2025
46 | interest | 5.81485 | Wed Mar 26 22:27:01 2025
47 | interest | 2.73645 | Wed Mar 26 22:27:01 2025
48 | interest | 3.04781 | Wed Mar 26 22:27:01 2025
49 | interest | 12.3153 | Wed Mar 26 22:27:01 2025
0 | interest | 3.05393 | Wed Mar 26 22:27:11 2025
1 | interest | 0.108531 | Wed Mar 26 22:27:11 2025
2 | interest | 6.59601 | Wed Mar 26 22:27:11 2025
3 | interest | 0.777061 | Wed Mar 26 22:27:11 2025
4 | interest | 6.75967 | Wed Mar 26 22:27:11 2025
5 | interest | 5.65254 | Wed Mar 26 22:27:11 2025
6 | interest | 1.43142 | Wed Mar 26 22:27:11 2025
7 | interest | 5.30263 | Wed Mar 26 22:27:11 2025
8 | interest | 11.6543 | Wed Mar 26 22:27:11 2025
9 | interest | 8.27802 | Wed Mar 26 22:27:11 2025
10 | interest | 7.30791 | Wed Mar 26 22:27:11 2025
11 | interest | 0.140135 | Wed Mar 26 22:27:11 2025
12 | interest | 19.0199 | Wed Mar 26 22:27:11 2025
13 | interest | 3.84418 | Wed Mar 26 22:27:11 2025
14 | interest | 0.115394 | Wed Mar 26 22:27:11 2025
15 | interest | 11.1735 | Wed Mar 26 22:27:11 2025
16 | interest | 14.8188 | Wed Mar 26 22:27:11 2025
17 | interest | 7.34556 | Wed Mar 26 22:27:11 2025
18 | interest | 3.64731 | Wed Mar 26 22:27:11 2025
19 | interest | 12.2686 | Wed Mar 26 22:27:11 2025
20 | interest | 4.3813 | Wed Mar 26 22:27:11 2025
21 | interest | 0.76552 | Wed Mar 26 22:27:11 2025
22 | interest | 0.355809 | Wed Mar 26 22:27:11 2025
23 | interest | 8.41408 | Wed Mar 26 22:27:11 2025
24 | interest | 0.675382 | Wed Mar 26 22:27:11 2025
25 | interest | 1.33439 | Wed Mar 26 22:27:11 2025
26 | interest | 0.479839 | Wed Mar 26 22:27:11 2025
27 | interest | 2.38049 | Wed Mar 26 22:27:11 2025
28 | interest | 3.16879 | Wed Mar 26 22:27:11 2025
29 | interest | 4.17536 | Wed Mar 26 22:27:11 2025
30 | interest | 3.15494 | Wed Mar 26 22:27:11 2025
31 | interest | 8.56667 | Wed Mar 26 22:27:11 2025
32 | interest | 9.63502 | Wed Mar 26 22:27:11 2025
33 | interest | 2.67172 | Wed Mar 26 22:27:11 2025
34 | interest | 8.61479 | Wed Mar 26 22:27:11 2025
35 | interest | 0.483527 | Wed Mar 26 22:27:11 2025
36 | interest | 6.91231 | Wed Mar 26 22:27:11 2025
37 | interest | 13.114 | Wed Mar 26 22:27:11 2025
38 | interest | 3.06215 | Wed Mar 26 22:27:11 2025
39 | interest | 3.36405 | Wed Mar 26 22:27:11 2025
40 | interest | 4.6882 | Wed Mar 26 22:27:11 2025
41 | interest | 1.50368 | Wed Mar 26 22:27:11 2025
42 | interest | 10.5433 | Wed Mar 26 22:27:11 2025
43 | interest | 4.92829 | Wed Mar 26 22:27:11 2025
44 | interest | 6.91423 | Wed Mar 26 22:27:11 2025
45 | interest | 4.47105 | Wed Mar 26 22:27:11 2025
46 | interest | 5.82939 | Wed Mar 26 22:27:11 2025
47 | interest | 2.74329 | Wed Mar 26 22:27:11 2025
48 | interest | 3.05035 | Wed Mar 26 22:27:11 2025
49 | interest | 12.3461 | Wed Mar 26 22:27:11 2025
0 | interest | 3.05648 | Wed Mar 26 22:27:21 2025
1 | interest | 0.108621 | Wed Mar 26 22:27:21 2025
2 | interest | 6.6125 | Wed Mar 26 22:27:21 2025
3 | interest | 0.777709 | Wed Mar 26 22:27:21 2025
4 | interest | 6.77657 | Wed Mar 26 22:27:21 2025
5 | interest | 5.67609 | Wed Mar 26 22:27:21 2025
6 | interest | 1.43261 | Wed Mar 26 22:27:21 2025
7 | interest | 5.32472 | Wed Mar 26 22:27:21 2025
8 | interest | 11.6835 | Wed Mar 26 22:27:21 2025
9 | interest | 8.29871 | Wed Mar 26 22:27:21 2025
10 | interest | 7.33836 | Wed Mar 26 22:27:21 2025
11 | interest | 0.140252 | Wed Mar 26 22:27:21 2025
12 | interest | 19.0991 | Wed Mar 26 22:27:21 2025
13 | interest | 3.84738 | Wed Mar 26 22:27:21 2025
14 | interest | 0.115491 | Wed Mar 26 22:27:21 2025
15 | interest | 11.2014 | Wed Mar 26 22:27:21 2025
16 | interest | 14.8806 | Wed Mar 26 22:27:21 2025
17 | interest | 7.37617 | Wed Mar 26 22:27:21 2025
18 | interest | 3.65035 | Wed Mar 26 22:27:21 2025
19 | interest | 12.2992 | Wed Mar 26 22:27:21 2025
20 | interest | 4.39225 | Wed Mar 26 22:27:21 2025
21 | interest | 0.766158 | Wed Mar 26 22:27:21 2025
22 | interest | 0.356105 | Wed Mar 26 22:27:21 2025
23 | interest | 8.43512 | Wed Mar 26 22:27:21 2025
24 | interest | 0.675945 | Wed Mar 26 22:27:21 2025
25 | interest | 1.33551 | Wed Mar 26 22:27:21 2025
26 | interest | 0.480239 | Wed Mar 26 22:27:21 2025
27 | interest | 2.38247 | Wed Mar 26 22:27:21 2025
28 | interest | 3.17143 | Wed Mar 26 22:27:21 2025
29 | interest | 4.1858 | Wed Mar 26 22:27:21 2025
30 | interest | 3.15757 | Wed Mar 26 22:27:21 2025
31 | interest | 8.60237 | Wed Mar 26 22:27:21 2025
32 | interest | 9.67517 | Wed Mar 26 22:27:21 2025
33 | interest | 2.67394 | Wed Mar 26 22:27:21 2025
34 | interest | 8.65068 | Wed Mar 26 22:27:21 2025
35 | interest | 0.48393 | Wed Mar 26 22:27:21 2025
36 | interest | 6.92959 | Wed Mar 26 22:27:21 2025
37 | interest | 13.1687 | Wed Mar 26 22:27:21 2025
38 | interest | 3.07491 | Wed Mar 26 22:27:21 2025
39 | interest | 3.36685 | Wed Mar 26 22:27:21 2025
40 | interest | 4.70774 | Wed Mar 26 22:27:21 2025
41 | interest | 1.50493 | Wed Mar 26 22:27:21 2025
42 | interest | 10.5697 | Wed Mar 26 22:27:21 2025
43 | interest | 4.94061 | Wed Mar 26 22:27:21 2025
44 | interest | 6.94304 | Wed Mar 26 22:27:21 2025
45 | interest | 4.48968 | Wed Mar 26 22:27:21 2025
46 | interest | 5.84396 | Wed Mar 26 22:27:21 2025
47 | interest | 2.75015 | Wed Mar 26 22:27:21 2025
48 | interest | 3.05289 | Wed Mar 26 22:27:21 2025
49 | interest | 12.377 | Wed Mar 26 22:27:21 2025
0 | interest | 3.05903 | Wed Mar 26 22:27:31 2025
1 | interest | 0.108712 | Wed Mar 26 22:27:31 2025
2 | interest | 6.62903 | Wed Mar 26 22:27:31 2025
3 | interest | 0.778357 | Wed Mar 26 22:27:31 2025
4 | interest | 6.79351 | Wed Mar 26 22:27:31 2025
5 | interest | 5.69974 | Wed Mar 26 22:27:31 2025
6 | interest | 1.4338 | Wed Mar 26 22:27:31 2025
7 | interest | 5.34691 | Wed Mar 26 22:27:31 2025
8 | interest | 11.7127 | Wed Mar 26 22:27:31 2025
9 | interest | 8.31946 | Wed Mar 26 22:27:31 2025
10 | interest | 7.36893 | Wed Mar 26 22:27:31 2025
11 | interest | 0.140369 | Wed Mar 26 22:27:31 2025
12 | interest | 19.1787 | Wed Mar 26 22:27:31 2025
13 | interest | 3.85059 | Wed Mar 26 22:27:31 2025
14 | interest | 0.115587 | Wed Mar 26 22:27:31 2025
15 | interest | 11.2295 | Wed Mar 26 22:27:31 2025
16 | interest | 14.9426 | Wed Mar 26 22:27:31 2025
17 | interest | 7.4069 | Wed Mar 26 22:27:31 2025
18 | interest | 3.65339 | Wed Mar 26 22:27:31 2025
19 | interest | 12.33 | Wed Mar 26 22:27:31 2025
20 | interest | 4.40323 | Wed Mar 26 22:27:31 2025
21 | interest | 0.766796 | Wed Mar 26 22:27:31 2025
22 | interest | 0.356402 | Wed Mar 26 22:27:31 2025
23 | interest | 8.45621 | Wed Mar 26 22:27:31 2025
24 | interest | 0.676508 | Wed Mar 26 22:27:31 2025
25 | interest | 1.33662 | Wed Mar 26 22:27:31 2025
26 | interest | 0.480639 | Wed Mar 26 22:27:31 2025
27 | interest | 2.38446 | Wed Mar 26 22:27:31 2025
28 | interest | 3.17407 | Wed Mar 26 22:27:31 2025
29 | interest | 4.19627 | Wed Mar 26 22:27:31 2025
30 | interest | 3.1602 | Wed Mar 26 22:27:31 2025
31 | interest | 8.63821 | Wed Mar 26 22:27:31 2025
32 | interest | 9.71548 | Wed Mar 26 22:27:31 2025
33 | interest | 2.67617 | Wed Mar 26 22:27:31 2025
34 | interest | 8.68673 | Wed Mar 26 22:27:31 2025
35 | interest | 0.484333 | Wed Mar 26 22:27:31 2025
36 | interest | 6.94692 | Wed Mar 26 22:27:31 2025
37 | interest | 13.2236 | Wed Mar 26 22:27:31 2025
38 | interest | 3.08772 | Wed Mar 26 22:27:31 2025
39 | interest | 3.36966 | Wed Mar 26 22:27:31 2025
40 | interest | 4.72735 | Wed Mar 26 22:27:31 2025
41 | interest | 1.50618 | Wed Mar 26 22:27:31 2025
42 | interest | 10.5961 | Wed Mar 26 22:27:31 2025
43 | interest | 4.95296 | Wed Mar 26 22:27:31 2025
44 | interest | 6.97197 | Wed Mar 26 22:27:31 2025
45 | interest | 4.50839 | Wed Mar 26 22:27:31 2025
46 | interest | 5.85857 | Wed Mar 26 22:27:31 2025
47 | interest | 2.75702 | Wed Mar 26 22:27:31 2025
48 | interest | 3.05543 | Wed Mar 26 22:27:31 2025
49 | interest | 12.4079 | Wed Mar 26 22:27:31 2025
1 | deposit | 5000 | Wed Apr 02 22:56:10 2025
1 | withdraw | 200 | Wed Apr 02 22:56:38 2025
1 | transfer_out | 6800 | Wed Apr 02 22:56:58 2025
0 | transfer_in | 6800 | Wed Apr 02 22:56:58 2025
2 | loan | 5000 | Wed Apr 02 23:00:36 2025
2 | loan_payment | 4000 | Wed Apr 02 23:01:18 2025
50 | deposit | 20000 | Thu Apr 03 00:55:12 2025
50 | withdraw | 200 | Thu Apr 03 00:55:41 2025
50 | transfer_out | 5000 | Thu Apr 03 00:56:12 2025
1 | transfer_in | 5000 | Thu Apr 03 00:56:12 2025
50 | deposit | 200 | Thu Apr 03 00:59:21 2025
50 | withdraw | 2000 | Thu Apr 03 00:59:32 2025
50 | loan | 500 | Thu Apr 03 00:59:43 2025
50 | loan_payment | 430 | Thu Apr 03 00:59:59 2025
50 | loan | 2 | Thu Apr 03 11:47:46 2025
50 | deposit | 5000 | Thu Apr 03 13:06:11 2025
50 | withdraw | 9999 | Thu Apr 03 13:06:23 2025
50 | transfer_out | 1 | Thu Apr 03 13:06:39 2025
23 | transfer_in | 1 | Thu Apr 03 13:06:39 2025
50 | deposit | 400 | Thu Apr 03 14:52:02 2025
50 | withdraw | 350 | Thu Apr 03 14:52:12 2025
50 | withdraw | 400 | Thu Apr 03 14:52:58 2025
50 | transfer_out | 150 | Thu Apr 03 14:53:30 2025
40 | transfer_in | 150 | Thu Apr 03 14:53:30 2025
50 | loan | 500 | Thu Apr 03 14:54:33 2025
50 | loan_payment | 400 | Thu Apr 03 14:54:47 2025
